Using pre-set license
Built from '2020.3/staging' branch; Version is '2020.3.6f1 (338bb68529b2) revision 3378102'; Using compiler version '192528614'; Build Type 'Release'
OS: 'Windows 10 Home; OS build 19044.1645; Version 2009; 64bit' Language: 'en' Physical Memory: 16297 MB
BatchMode: 1, IsHumanControllingUs: 0, StartBugReporterOnCrash: 0, Is64bit: 1, IsPro: 0

 COMMAND LINE ARGUMENTS:
D:\Program Files\Unity\Hub\Editor\2020.3.6f1\Editor\Unity.exe
-adb2
-batchMode
-noUpm
-name
AssetImportWorker0
-projectPath
D:/Users/Leon/Documents/immersification-wip-locomotion/sample-unity-project
-logFile
Logs/AssetImportWorker0.log
-srvPort
53217
Successfully changed project path to: D:/Users/Leon/Documents/immersification-wip-locomotion/sample-unity-project
D:/Users/Leon/Documents/immersification-wip-locomotion/sample-unity-project
Using Asset Import Pipeline V2.
Refreshing native plugins compatible for Editor in 108.71 ms, found 5 plugins.
Preloading 0 native plugins for Editor in 0.00 ms.
Initialize engine version: 2020.3.6f1 (338bb68529b2)
[Subsystems] Discovering subsystems at path D:/Program Files/Unity/Hub/Editor/2020.3.6f1/Editor/Data/Resources/UnitySubsystems
[Subsystems] Discovering subsystems at path D:/Users/Leon/Documents/immersification-wip-locomotion/sample-unity-project/Assets
GfxDevice: creating device client; threaded=0
Direct3D:
    Version:  Direct3D 11.0 [level 11.1]
    Renderer: NVIDIA GeForce RTX 2070 SUPER (ID=0x1e84)
    Vendor:   
    VRAM:     8012 MB
    Driver:   30.0.15.1123
Initialize mono
Mono path[0] = 'D:/Program Files/Unity/Hub/Editor/2020.3.6f1/Editor/Data/Managed'
Mono path[1] = 'D:/Program Files/Unity/Hub/Editor/2020.3.6f1/Editor/Data/MonoBleedingEdge/lib/mono/unityjit'
Mono config path = 'D:/Program Files/Unity/Hub/Editor/2020.3.6f1/Editor/Data/MonoBleedingEdge/etc'
Using monoOptions --debugger-agent=transport=dt_socket,embedding=1,server=y,suspend=n,address=127.0.0.1:56768
Begin MonoManager ReloadAssembly
Registering precompiled unity dll's ...
Register platform support module: D:/Program Files/Unity/Hub/Editor/2020.3.6f1/Editor/Data/PlaybackEngines/WindowsStandaloneSupport/UnityEditor.WindowsStandalone.Extensions.dll
Registered in 0.000989 seconds.
Native extension for WindowsStandalone target not found
Refreshing native plugins compatible for Editor in 82.60 ms, found 5 plugins.
Preloading 0 native plugins for Editor in 0.00 ms.
Mono: successfully reloaded assembly
- Completed reload, in  1.048 seconds
Platform modules already initialized, skipping
Registering precompiled user dll's ...
Registered in 0.005716 seconds.
Begin MonoManager ReloadAssembly
Native extension for WindowsStandalone target not found
Refreshing native plugins compatible for Editor in 87.40 ms, found 5 plugins.
Preloading 0 native plugins for Editor in 0.00 ms.
Mono: successfully reloaded assembly
- Completed reload, in  1.393 seconds
Platform modules already initialized, skipping
========================================================================
Worker process is ready to serve import requests
Launched and connected shader compiler UnityShaderCompiler.exe after 0.08 seconds
Refreshing native plugins compatible for Editor in 1.12 ms, found 5 plugins.
Preloading 0 native plugins for Editor in 0.00 ms.
Unloading 4610 Unused Serialized files (Serialized files now loaded: 0)
System memory in use before: 211.0 MB.
System memory in use after: 211.2 MB.

Unloading 62 unused Assets to reduce memory usage. Loaded Objects now: 5030.
Total: 5.867400 ms (FindLiveObjects: 0.479100 ms CreateObjectMapping: 0.118000 ms MarkObjects: 5.195300 ms  DeleteObjects: 0.074100 ms)

========================================================================
Received Import Request.
  path: Assets/Scripts/Locomotion/Arm Swing
  artifactKey: Guid(27b2db9beb91e124daddb9ece8b6a089) Importer(815301076,1909f56bfc062723c751e8b465ee728b)
Start importing Assets/Scripts/Locomotion/Arm Swing using Guid(27b2db9beb91e124daddb9ece8b6a089) Importer(815301076,1909f56bfc062723c751e8b465ee728b)  -> (artifact id: '767cd5ce88c93aaecc55b87347614bd2') in 0.020779 seconds
  Import took 0.026895 seconds .

========================================================================
Received Import Request.
  Time since last request: 0.000258 seconds.
  path: Assets/Prefabs/Locomotion/VR User - Leg Lift.prefab
  artifactKey: Guid(07147c80e80286340952d664d8052c71) Importer(815301076,1909f56bfc062723c751e8b465ee728b)
Start importing Assets/Prefabs/Locomotion/VR User - Leg Lift.prefab using Guid(07147c80e80286340952d664d8052c71) Importer(815301076,1909f56bfc062723c751e8b465ee728b)  -> (artifact id: 'b69fc7d0ca40ce7774da6390f6cd3bae') in 0.066423 seconds
  Import took 0.074839 seconds .

========================================================================
Received Import Request.
  Time since last request: 0.000170 seconds.
  path: Assets/Profiles/Default_SceneGlobalEnvironmentProfile.asset
  artifactKey: Guid(3c64ce21db014054488cc54d0ed92254) Importer(815301076,1909f56bfc062723c751e8b465ee728b)
Start importing Assets/Profiles/Default_SceneGlobalEnvironmentProfile.asset using Guid(3c64ce21db014054488cc54d0ed92254) Importer(815301076,1909f56bfc062723c751e8b465ee728b)  -> (artifact id: 'f4305e02ff2ae09a21eb085c78dcdefe') in 0.014169 seconds
  Import took 0.020042 seconds .

========================================================================
Received Import Request.
  Time since last request: 0.000159 seconds.
  path: Assets/Prefabs/Locomotion/VR User - Full Body.prefab
  artifactKey: Guid(7729459a091ab8a48b456eb4b63e6132) Importer(815301076,1909f56bfc062723c751e8b465ee728b)
Start importing Assets/Prefabs/Locomotion/VR User - Full Body.prefab using Guid(7729459a091ab8a48b456eb4b63e6132) Importer(815301076,1909f56bfc062723c751e8b465ee728b)  -> (artifact id: '4aa56adaa8efe88799caf53b0536de48') in 0.007457 seconds
  Import took 0.013886 seconds .

========================================================================
Received Import Request.
  Time since last request: 0.000234 seconds.
  path: Assets/Prefabs/Locomotion/VR User - Arm Swing.prefab
  artifactKey: Guid(05d8e470d85a7ca47a7f10acdd5798d0) Importer(815301076,1909f56bfc062723c751e8b465ee728b)
Start importing Assets/Prefabs/Locomotion/VR User - Arm Swing.prefab using Guid(05d8e470d85a7ca47a7f10acdd5798d0) Importer(815301076,1909f56bfc062723c751e8b465ee728b)  -> (artifact id: '522e04d1ee51daba5652e7e833143556') in 0.006884 seconds
  Import took 0.013211 seconds .

========================================================================
Received Import Request.
  Time since last request: 0.000185 seconds.
  path: Assets/Prefabs/Locomotion/VR User - Head Bob.prefab
  artifactKey: Guid(b57b8dfdf957ea84eab272559adfb5ba) Importer(815301076,1909f56bfc062723c751e8b465ee728b)
Start importing Assets/Prefabs/Locomotion/VR User - Head Bob.prefab using Guid(b57b8dfdf957ea84eab272559adfb5ba) Importer(815301076,1909f56bfc062723c751e8b465ee728b)  -> (artifact id: 'd99f3bd77b9ceae0db50a82a56eaf852') in 0.006999 seconds
  Import took 0.013767 seconds .

========================================================================
Received Import Request.
  Time since last request: 11.191268 seconds.
  path: Assets/Scripts/Locomotion/arm-swing
  artifactKey: Guid(27b2db9beb91e124daddb9ece8b6a089) Importer(815301076,1909f56bfc062723c751e8b465ee728b)
Start importing Assets/Scripts/Locomotion/arm-swing using Guid(27b2db9beb91e124daddb9ece8b6a089) Importer(815301076,1909f56bfc062723c751e8b465ee728b)  -> (artifact id: 'd1d65405680753ef35d044d8f1c8d9d3') in 0.004929 seconds
  Import took 0.011344 seconds .

========================================================================
Received Prepare
Registering precompiled user dll's ...
Registered in 0.006194 seconds.
Begin MonoManager ReloadAssembly
Native extension for WindowsStandalone target not found
Refreshing native plugins compatible for Editor in 1.24 ms, found 5 plugins.
Preloading 0 native plugins for Editor in 0.00 ms.
Mono: successfully reloaded assembly
- Completed reload, in  1.259 seconds
Platform modules already initialized, skipping
Refreshing native plugins compatible for Editor in 1.18 ms, found 5 plugins.
Preloading 0 native plugins for Editor in 0.00 ms.
Unloading 4289 Unused Serialized files (Serialized files now loaded: 0)
System memory in use before: 192.7 MB.
System memory in use after: 193.0 MB.

Unloading 53 unused Assets to reduce memory usage. Loaded Objects now: 5034.
Total: 5.666300 ms (FindLiveObjects: 0.550800 ms CreateObjectMapping: 0.201000 ms MarkObjects: 4.883200 ms  DeleteObjects: 0.030500 ms)

========================================================================
Received Import Request.
  Time since last request: 6.046762 seconds.
  path: Assets/Scripts/Locomotion/Head Bob
  artifactKey: Guid(46e89d5cf1d40ce46ba68165bba6e8e6) Importer(815301076,1909f56bfc062723c751e8b465ee728b)
Start importing Assets/Scripts/Locomotion/Head Bob using Guid(46e89d5cf1d40ce46ba68165bba6e8e6) Importer(815301076,1909f56bfc062723c751e8b465ee728b)  -> (artifact id: 'b9c2e31b4aa10f5b7e52d7edcf927a69') in 0.009786 seconds
  Import took 0.016027 seconds .

========================================================================
Received Import Request.
  Time since last request: 1.107218 seconds.
  path: Assets/Scripts/Locomotion/head-bob
  artifactKey: Guid(46e89d5cf1d40ce46ba68165bba6e8e6) Importer(815301076,1909f56bfc062723c751e8b465ee728b)
Start importing Assets/Scripts/Locomotion/head-bob using Guid(46e89d5cf1d40ce46ba68165bba6e8e6) Importer(815301076,1909f56bfc062723c751e8b465ee728b)  -> (artifact id: '8f4b45eeabc10799ac577882046b7a42') in 0.005323 seconds
  Import took 0.011554 seconds .

========================================================================
Received Prepare
Registering precompiled user dll's ...
Registered in 0.006458 seconds.
Begin MonoManager ReloadAssembly
Native extension for WindowsStandalone target not found
Refreshing native plugins compatible for Editor in 1.18 ms, found 5 plugins.
Preloading 0 native plugins for Editor in 0.00 ms.
Mono: successfully reloaded assembly
- Completed reload, in  1.181 seconds
Platform modules already initialized, skipping
Refreshing native plugins compatible for Editor in 1.24 ms, found 5 plugins.
Preloading 0 native plugins for Editor in 0.00 ms.
Unloading 4289 Unused Serialized files (Serialized files now loaded: 0)
System memory in use before: 192.8 MB.
System memory in use after: 193.0 MB.

Unloading 53 unused Assets to reduce memory usage. Loaded Objects now: 5038.
Total: 5.383500 ms (FindLiveObjects: 0.458600 ms CreateObjectMapping: 0.121300 ms MarkObjects: 4.778800 ms  DeleteObjects: 0.023700 ms)

========================================================================
Received Import Request.
  Time since last request: 5.541927 seconds.
  path: Assets/Scripts/Locomotion/Leg Lift
  artifactKey: Guid(85339cc552dcead41b9bce378c01f623) Importer(815301076,1909f56bfc062723c751e8b465ee728b)
Start importing Assets/Scripts/Locomotion/Leg Lift using Guid(85339cc552dcead41b9bce378c01f623) Importer(815301076,1909f56bfc062723c751e8b465ee728b)  -> (artifact id: '903d825ea24845a7cd8f11beb1932249') in 0.010341 seconds
  Import took 0.016699 seconds .

========================================================================
Received Import Request.
  Time since last request: 1.270916 seconds.
  path: Assets/Scripts/Locomotion/leg-lift
  artifactKey: Guid(85339cc552dcead41b9bce378c01f623) Importer(815301076,1909f56bfc062723c751e8b465ee728b)
Start importing Assets/Scripts/Locomotion/leg-lift using Guid(85339cc552dcead41b9bce378c01f623) Importer(815301076,1909f56bfc062723c751e8b465ee728b)  -> (artifact id: '0d4ff86a3fdf6ddbca34af583c7fbbdc') in 0.004892 seconds
  Import took 0.011333 seconds .

========================================================================
Received Prepare
Registering precompiled user dll's ...
Registered in 0.006396 seconds.
Begin MonoManager ReloadAssembly
Native extension for WindowsStandalone target not found
Refreshing native plugins compatible for Editor in 1.17 ms, found 5 plugins.
Preloading 0 native plugins for Editor in 0.00 ms.
Mono: successfully reloaded assembly
- Completed reload, in  1.198 seconds
Platform modules already initialized, skipping
Refreshing native plugins compatible for Editor in 1.21 ms, found 5 plugins.
Preloading 0 native plugins for Editor in 0.00 ms.
Unloading 4289 Unused Serialized files (Serialized files now loaded: 0)
System memory in use before: 192.8 MB.
System memory in use after: 193.1 MB.

Unloading 53 unused Assets to reduce memory usage. Loaded Objects now: 5042.
Total: 5.686000 ms (FindLiveObjects: 0.515700 ms CreateObjectMapping: 0.109900 ms MarkObjects: 5.029900 ms  DeleteObjects: 0.028900 ms)

========================================================================
Received Prepare
Registering precompiled user dll's ...
Registered in 0.006064 seconds.
Begin MonoManager ReloadAssembly
Native extension for WindowsStandalone target not found
Refreshing native plugins compatible for Editor in 1.21 ms, found 5 plugins.
Preloading 0 native plugins for Editor in 0.00 ms.
Mono: successfully reloaded assembly
- Completed reload, in  1.163 seconds
Platform modules already initialized, skipping
Refreshing native plugins compatible for Editor in 1.21 ms, found 5 plugins.
Preloading 0 native plugins for Editor in 0.00 ms.
Unloading 4289 Unused Serialized files (Serialized files now loaded: 0)
System memory in use before: 192.8 MB.
System memory in use after: 193.1 MB.

Unloading 53 unused Assets to reduce memory usage. Loaded Objects now: 5046.
Total: 5.679200 ms (FindLiveObjects: 0.454300 ms CreateObjectMapping: 0.119200 ms MarkObjects: 5.066800 ms  DeleteObjects: 0.037300 ms)

AssetImportWorkerClient::OnTransportError - code=2 error=End of file
